Arguments: 
  C:\Program Files\nodejs\node.exe C:\Users\nocet\AppData\Roaming\npm\node_modules\yarn\bin\yarn.js test:run

PATH: 
  C:\Program Files (x86)\Razer Chroma SDK\bin;C:\Program Files\Razer Chroma SDK\bin;C:\Program Files\Common Files\Oracle\Java\javapath;C:\Program Files (x86)\Razer\ChromaBroadcast\bin;C:\Program Files\Razer\ChromaBroadcast\bin;C:\Windows\system32;C:\Windows;C:\Windows\System32\Wbem;C:\Windows\System32\WindowsPowerShell\v1.0\;C:\Windows\System32\OpenSSH\;C:\Program Files (x86)\NVIDIA Corporation\PhysX\Common;C:\Program Files\NVIDIA Corporation\NVIDIA NvDLISR;C:\WINDOWS\system32;C:\WINDOWS;C:\WINDOWS\System32\Wbem;C:\WINDOWS\System32\WindowsPowerShell\v1.0\;C:\WINDOWS\System32\OpenSSH\;C:\Program Files\CMake\bin;C:\MinGW\bin;C:\Program Files\Git\cmd;C:\mingw_dev_lib\bin;C:\WINDOWS\system32\config\systemprofile\AppData\Local\Microsoft\WindowsApps;C:\Program Files\dotnet\;C:\Users\nocet\AppData\Local\Programs\Python\Python37;C:\Program Files\Go\bin;C:\ProgramData\chocolatey\bin;C:\Program Files\Docker\Docker\resources\bin;C:\ProgramData\DockerDesktop\version-bin;C:\Program Files\PuTTY\;C:\Terraform\terraform.exe;C:\Program Files\nodejs\;C:\Program Files\Amazon\AWSCLIV2\;C:\Program Files\Conan\conan;C:\Users\nocet\AppData\Local\Programs\Python\Python38\Scripts\;C:\Users\nocet\AppData\Local\Programs\Python\Python38\;C:\Users\nocet\AppData\Local\Programs\Python\Launcher\;C:\Users\nocet\AppData\Local\Microsoft\WindowsApps;C:\Users\nocet\AppData\Local\Programs\Microsoft VS Code\bin;C:\Users\nocet\.dotnet\tools;C:\Users\nocet\go\bin;C:\Users\nocet\AppData\Roaming\npm;C:\Users\nocet\AppData\Local\GitHubDesktop\bin

Yarn version: 
  1.22.19

Node version: 
  18.12.1

Platform: 
  win32 x64

Trace: 
  SyntaxError: C:\Users\nocet\OneDrive\Documents\Projects\Javascript\create-hwelsters-app-ts\package.json: Unexpected token } in JSON at position 490
      at JSON.parse (<anonymous>)
      at C:\Users\nocet\AppData\Roaming\npm\node_modules\yarn\lib\cli.js:1629:59
      at Generator.next (<anonymous>)
      at step (C:\Users\nocet\AppData\Roaming\npm\node_modules\yarn\lib\cli.js:310:30)
      at C:\Users\nocet\AppData\Roaming\npm\node_modules\yarn\lib\cli.js:321:13

npm manifest: 
  {
    "scripts": {
      "dev": "docker compose --env-file .env.dev -f docker-compose.dev.yml",
      "dev:bash": "docker compose --env-file .env.dev -f docker-compose.dev.yml exec backend /bin/sh ",
      "test": "docker compose --env-file .env.dev -f docker-compose.test.yml",
      "test:run" : "yarn test up && yarn test exec backend/bin/sh && npx prisma db seed && yarn test",
      "clean": "docker container prune & docker volume prune",
      "uncommited": "git ls-files --modified --deleted",
    }
  }

yarn manifest: 
  No manifest

Lockfile: 
  No lockfile
